<?xml version='1.0' encoding='UTF-8'?>
<testsuite hostname="lao8n" name="kmeans.KMeansSuite" tests="6" errors="0" failures="1" skipped="0" time="0.172" timestamp="2020-01-18T17:52:21">
                     <properties>
[...]
</properties>
                     <testcase classname="kmeans.KMeansSuite" name="'classify' should work for empty 'points' and 'means' == Seq(Point(1,1,1))" time="0.068">
                                                 
                                               </testcase><testcase classname="kmeans.KMeansSuite" name="'classify' should work for 'points' == Seq((1, 1, 0), (1, -1, 0), (-1, 1, 0), (-1, -1, 0)) and 'means' == Seq((1, 0, 0), (-1, 0, 0))" time="0.034">
                                                 
                                               </testcase><testcase classname="kmeans.KMeansSuite" name="'classify should work for empty 'points' and empty 'means'" time="0.001">
                                                 
                                               </testcase><testcase classname="kmeans.KMeansSuite" name="'classify' should work for 'points' == Seq((1, 1, 0), (1, -1, 0), (-1, 1, 0), (-1, -1, 0)) and 'means' == Seq((0, 0, 0))" time="0.001">
                                                 
                                               </testcase><testcase classname="kmeans.KMeansSuite" name="'classify' with data parallelism should work for empty 'points' and empty 'means'" time="0.065">
                                                 
                                               </testcase><testcase classname="kmeans.KMeansSuite" name="update method" time="0.003">
                                                 <failure message="java.lang.AssertionError: expected: scala.collection.immutable.Vector&lt;Vector((1.0, 0.0, 0.0), (-1.0, 0.0, 0.0))&gt; but was: scala.collection.immutable.Vector&lt;Vector((1.0, 0.0, 0.0), (-1.0, 0.0, 0.0))&gt;" type="sbt.ForkMain$ForkError">sbt.ForkMain$ForkError: java.lang.AssertionError: expected: scala.collection.immutable.Vector&lt;Vector((1.0, 0.0, 0.0), (-1.0, 0.0, 0.0))&gt; but was: scala.collection.immutable.Vector&lt;Vector((1.0, 0.0, 0.0), (-1.0, 0.0, 0.0))&gt;
	at org.junit.Assert.fail(Assert.java:88)
	at org.junit.Assert.failNotEquals(Assert.java:743)
	at org.junit.Assert.assertEquals(Assert.java:118)
	at org.junit.Assert.assertEquals(Assert.java:144)
	at kmeans.KMeansSuite.update$u0020method(KMeansSuite.scala:81)
	at sun.reflect.NativeMethodAccessorImpl.invoke0(Native Method)
	at sun.reflect.NativeMethodAccessorImpl.invoke(NativeMethodAccessorImpl.java:62)
	at sun.reflect.DelegatingMethodAccessorImpl.invoke(DelegatingMethodAccessorImpl.java:43)
	at java.lang.reflect.Method.invoke(Method.java:498)
	at org.junit.runners.model.FrameworkMethod$1.runReflectiveCall(FrameworkMethod.java:47)
	at org.junit.internal.runners.model.ReflectiveCallable.run(ReflectiveCallable.java:12)
	at org.junit.runners.model.FrameworkMethod.invokeExplosively(FrameworkMethod.java:44)
	at org.junit.internal.runners.statements.InvokeMethod.evaluate(InvokeMethod.java:17)
	at org.junit.runners.ParentRunner.runLeaf(ParentRunner.java:271)
	at org.junit.runners.BlockJUnit4ClassRunner.runChild(BlockJUnit4ClassRunner.java:70)
	at org.junit.runners.BlockJUnit4ClassRunner.runChild(BlockJUnit4ClassRunner.java:50)
	at org.junit.runners.ParentRunner$3.run(ParentRunner.java:238)
	at org.junit.runners.ParentRunner$1.schedule(ParentRunner.java:63)
	at org.junit.runners.ParentRunner.runChildren(ParentRunner.java:236)
	at org.junit.runners.ParentRunner.access$000(ParentRunner.java:53)
	at org.junit.runners.ParentRunner$2.evaluate(ParentRunner.java:229)
	at org.junit.runners.ParentRunner.run(ParentRunner.java:309)
	at org.junit.runners.Suite.runChild(Suite.java:127)
	at org.junit.runners.Suite.runChild(Suite.java:26)
	at org.junit.runners.ParentRunner$3.run(ParentRunner.java:238)
	at org.junit.runners.ParentRunner$1.schedule(ParentRunner.java:63)
	at org.junit.runners.ParentRunner.runChildren(ParentRunner.java:236)
	at org.junit.runners.ParentRunner.access$000(ParentRunner.java:53)
	at org.junit.runners.ParentRunner$2.evaluate(ParentRunner.java:229)
	at org.junit.runners.ParentRunner.run(ParentRunner.java:309)
	at org.junit.runner.JUnitCore.run(JUnitCore.java:160)
	at org.junit.runner.JUnitCore.run(JUnitCore.java:138)
	at com.novocode.junit.JUnitRunner$1.execute(JUnitRunner.java:132)
	at sbt.ForkMain$Run.lambda$runTest$1(ForkMain.java:304)
	at java.util.concurrent.FutureTask.run(FutureTask.java:266)
	at java.util.concurrent.ThreadPoolExecutor.runWorker(ThreadPoolExecutor.java:1149)
	at java.util.concurrent.ThreadPoolExecutor$Worker.run(ThreadPoolExecutor.java:624)
	at java.lang.Thread.run(Thread.java:748)
</failure>
                                               </testcase>
                     <system-out><![CDATA[]]></system-out>
                     <system-err><![CDATA[]]></system-err>
                   </testsuite>